Using pre-set license
Built from '2020.2/china_unity/release' branch; Version is '2020.2.1f1c1 (252d8215dd99) revision 2436482'; Using compiler version '192528614'; Build Type 'Release'
OS: 'Windows 10  (10.0.0) 64bit' Language: 'zh' Physical Memory: 8163 MB
BatchMode: 1, IsHumanControllingUs: 0, StartBugReporterOnCrash: 0, Is64bit: 1, IsPro: 0

 COMMAND LINE ARGUMENTS:
D:\Program Files\Unity\2020.2.1f1c1\Editor\Unity.exe
-adb2
-batchMode
-noUpm
-name
AssetImportWorker4
-projectPath
E:/Unity/Project/System Tray Icon For Unity
-logFile
Logs/AssetImportWorker4.log
-srvPort
53297
Successfully changed project path to: E:/Unity/Project/System Tray Icon For Unity
E:/Unity/Project/System Tray Icon For Unity
Using Asset Import Pipeline V2.
Refreshing native plugins compatible for Editor in 69.60 ms, found 0 plugins.
Preloading 0 native plugins for Editor in 0.00 ms.
Initialize engine version: 2020.2.1f1c1 (252d8215dd99)
[Subsystems] Discovering subsystems at path D:/Program Files/Unity/2020.2.1f1c1/Editor/Data/Resources/UnitySubsystems
[Subsystems] Discovering subsystems at path E:/Unity/Project/System Tray Icon For Unity/Assets
GfxDevice: creating device client; threaded=0
Direct3D:
    Version:  Direct3D 11.0 [level 11.1]
    Renderer: NVIDIA GeForce GTX 1660 Ti (ID=0x2182)
    Vendor:   
    VRAM:     5991 MB
    Driver:   27.21.14.6089
Initialize mono
Mono path[0] = 'D:/Program Files/Unity/2020.2.1f1c1/Editor/Data/Managed'
Mono path[1] = 'D:/Program Files/Unity/2020.2.1f1c1/Editor/Data/MonoBleedingEdge/lib/mono/unityjit'
Mono config path = 'D:/Program Files/Unity/2020.2.1f1c1/Editor/Data/MonoBleedingEdge/etc'
Using monoOptions --debugger-agent=transport=dt_socket,embedding=1,server=y,suspend=n,address=127.0.0.1:56620
Begin MonoManager ReloadAssembly
Registering precompiled unity dll's ...
Register platform support module: D:/Program Files/Unity/2020.2.1f1c1/Editor/Data/PlaybackEngines/WebGLSupport/UnityEditor.WebGL.Extensions.dll
Register platform support module: D:/Program Files/Unity/2020.2.1f1c1/Editor/Data/PlaybackEngines/WindowsStandaloneSupport/UnityEditor.WindowsStandalone.Extensions.dll
Registered in 0.011528 seconds.
Native extension for WindowsStandalone target not found
Native extension for WebGL target not found
Refreshing native plugins compatible for Editor in 79.69 ms, found 0 plugins.
Preloading 0 native plugins for Editor in 0.00 ms.
Invoked RoslynAnalysisRunner static constructor.
RoslynAnalysisRunner will not be running.
RoslynAnalysisRunner has terminated.
Mono: successfully reloaded assembly
- Completed reload, in  4.033 seconds
Platform modules already initialized, skipping
Registering precompiled user dll's ...
Registered in 0.010956 seconds.
Begin MonoManager ReloadAssembly
Native extension for WindowsStandalone target not found
Native extension for WebGL target not found
Refreshing native plugins compatible for Editor in 0.45 ms, found 0 plugins.
Preloading 0 native plugins for Editor in 0.00 ms.
Invoked RoslynAnalysisRunner static constructor.
RoslynAnalysisRunner will not be running.
RoslynAnalysisRunner has terminated.
Mono: successfully reloaded assembly
- Completed reload, in  2.901 seconds
Platform modules already initialized, skipping
========================================================================
Worker process is ready to serve import requests
Launched and connected shader compiler UnityShaderCompiler.exe after 0.13 seconds
Refreshing native plugins compatible for Editor in 0.45 ms, found 0 plugins.
Preloading 0 native plugins for Editor in 0.00 ms.
Unloading 1100 Unused Serialized files (Serialized files now loaded: 0)
System memory in use before: 56.4 MB.
System memory in use after: 56.4 MB.

Unloading 13 unused Assets to reduce memory usage. Loaded Objects now: 1536.
Total: 2.989400 ms (FindLiveObjects: 0.288100 ms CreateObjectMapping: 0.079200 ms MarkObjects: 2.538000 ms  DeleteObjects: 0.082000 ms)

========================================================================
Received Import Request.
  path: Assets/SystemTrayIcon/Scripts/SystemTrayLoader.cs
  artifactKey: Guid(e38d768ea9b55d448b6bd5f5c6fa951e) Importer(815301076,1909f56bfc062723c751e8b465ee728b)
Start importing Assets/SystemTrayIcon/Scripts/SystemTrayLoader.cs using Guid(e38d768ea9b55d448b6bd5f5c6fa951e) Importer(815301076,1909f56bfc062723c751e8b465ee728b)  -> (artifact id: '861c6438090b293044277f3c823b85b7') in 0.071802 seconds
  Import took 0.078022 seconds .

